JSON_Retrieve_from_Meetup/build/outputs/logs/manifest-merger-debug-report.txt
-- Merging decision tree log ---
manifest
ADDED from src/main/AndroidManifest.xml:2:1-23:12
	xmlns:android
		ADDED from src/main/AndroidManifest.xml:2:11-69
	package
		ADDED from src/main/AndroidManifest.xml:3:33-60
		INJECTED from src/main/AndroidManifest.xml
		INJECTED from src/main/AndroidManifest.xml
	android:versionName
		ADDED from src/main/AndroidManifest.xml:3:7-32
		INJECTED from src/main/AndroidManifest.xml
		INJECTED from src/main/AndroidManifest.xml
	android:versionCode
		ADDED from src/main/AndroidManifest.xml:3:92-115
		INJECTED from src/main/AndroidManifest.xml
		INJECTED from src/main/AndroidManifest.xml
	android:installLocation
		ADDED from src/main/AndroidManifest.xml:3:61-91
application
ADDED from src/main/AndroidManifest.xml:4:5-19:19
	android:label
		ADDED from src/main/AndroidManifest.xml:4:48-80
	android:icon
		ADDED from src/main/AndroidManifest.xml:4:18-47
activity#com.guardian.mini.AsyncTaskDemo
ADDED from src/main/AndroidManifest.xml:5:9-11:20
	android:label
		ADDED from src/main/AndroidManifest.xml:6:19-51
	android:name
		ADDED from src/main/AndroidManifest.xml:5:19-48
intent-filter#android.intent.action.MAIN+android.intent.category.LAUNCHER
ADDED from src/main/AndroidManifest.xml:7:13-10:29
action#android.intent.action.MAIN
ADDED from src/main/AndroidManifest.xml:8:17-69
	android:name
		ADDED from src/main/AndroidManifest.xml:8:25-66
category#android.intent.category.LAUNCHER
ADDED from src/main/AndroidManifest.xml:9:17-77
	android:name
		ADDED from src/main/AndroidManifest.xml:9:27-74
activity#com.guardian.mini.WebViews
ADDED from src/main/AndroidManifest.xml:12:9-18:20
	android:label
		ADDED from src/main/AndroidManifest.xml:13:19-51
	android:name
		ADDED from src/main/AndroidManifest.xml:12:19-42
intent-filter#android.intent.action.MAINold+android.intent.category.LAUNCHERold
ADDED from src/main/AndroidManifest.xml:14:13-17:29
action#android.intent.action.MAINold
ADDED from src/main/AndroidManifest.xml:15:17-72
	android:name
		ADDED from src/main/AndroidManifest.xml:15:25-69
category#android.intent.category.LAUNCHERold
ADDED from src/main/AndroidManifest.xml:16:17-80
	android:name
		ADDED from src/main/AndroidManifest.xml:16:27-77
uses-sdk
ADDED from src/main/AndroidManifest.xml:20:2-40
	android:targetSdkVersion
		INJECTED from src/main/AndroidManifest.xml
		INJECTED from src/main/AndroidManifest.xml
	android:minSdkVersion
		ADDED from src/main/AndroidManifest.xml:20:12-37
		INJECTED from src/main/AndroidManifest.xml
		INJECTED from src/main/AndroidManifest.xml
uses-permission#android.permission.WRITE_EXTERNAL_STORAGE
ADDED from src/main/AndroidManifest.xml:21:2-78
	android:name
		ADDED from src/main/AndroidManifest.xml:21:19-75
uses-permission#android.permission.INTERNET
ADDED from src/main/AndroidManifest.xml:22:2-80
	android:name
		ADDED from src/main/AndroidManifest.xml:22:19-61